
  ___  ____  ____  ____  ____ (R)
 /__    /   ____/   /   ____/
___/   /   /___/   /   /___/   15.1   Copyright 1985-2017 StataCorp LLC
  Statistics/Data Analysis            StataCorp
                                      4905 Lakeway Drive
     MP - Parallel Edition            College Station, Texas 77845 USA
                                      800-STATA-PC        http://www.stata.com
                                      979-696-4600        stata@stata.com
                                      979-696-4601 (fax)

32-user 64-core Stata network perpetual license:
       Serial number:  501506200495
         Licensed to:  Harvard-MIT Data Center
                       Cambridge, MA

Notes:
      1.  Stata is running in batch mode.
      2.  Unicode is supported; see help unicode_advice.
      3.  More than 2 billion observations are allowed; see help obs_advice.
      4.  Maximum number of variables is set to 5000; see help set_maxvar.

. do "dofiles/2_estimates_figure3.do" 

. /****************************************************************************
> *****************************
> Replication Files for Housing Discrimination and the Toxics Exposure Gap in t
> he United States: 
> Evidence from the Rental Market  by Peter Christensen, Ignacio Sarmiento-Barb
> ieri and Christopher Timmins
> *****************************************************************************
> ****************************/
. 
. clear all

. set matsize 11000

. 
. use "../stores/toxic_discrimination_data.dta"

. 
. 
. keep if sample==1
(801 observations deleted)

. 
. loc quartiles 4

. 
. 
. set seed 1010101

. 
. *****************************************************************************
> *******************
. * Minority
. *****************************************************************************
> *******************
. 
. 
. 
. disc_boot choice Minority_dec2 Minority_dec3 Minority_dec4 , varlist(i.gender
>  i.education_level i.order)
note: multiple positive outcomes within groups encountered.
note: 1,331 groups (4,026 obs) dropped because of all positive or
      all negative outcomes.

Iteration 0:   log pseudolikelihood = -934.52438  
Iteration 1:   log pseudolikelihood = -924.94175  
Iteration 2:   log pseudolikelihood = -924.91776  
Iteration 3:   log pseudolikelihood = -924.91776  

Conditional (fixed-effects) logistic regression

                                                Number of obs     =      2,755
                                                Wald chi2(8)      =     127.71
                                                Prob > chi2       =     0.0000
Log pseudolikelihood = -924.91776               Pseudo R2         =     0.0843

                              (Std. Err. adjusted for 14 clusters in Zip_Code)
------------------------------------------------------------------------------
             |               Robust
      choice |      Coef.   Std. Err.      z    P>|z|     [90% Conf. Interval]
-------------+----------------------------------------------------------------
Minority_d~2 |  -.5357658   .1426031    -3.76   0.000    -.7703269   -.3012046
Minority_d~3 |  -.3581274   .1357591    -2.64   0.008    -.5814313   -.1348235
Minority_d~4 |   .1466449   .1273318     1.15   0.249    -.0627973    .3560871
             |
      gender |
       male  |  -.3249383   .0884558    -3.67   0.000    -.4704352   -.1794414
             |
education_~l |
        low  |  -.1612483   .1193909    -1.35   0.177    -.3576288    .0351322
     medium  |  -.2999534   .1366282    -2.20   0.028    -.5246868   -.0752199
             |
       order |
          2  |  -.3372789   .2434945    -1.39   0.166    -.7377917    .0632339
          3  |  -.9037681    .202325    -4.47   0.000    -1.236563   -.5709731
------------------------------------------------------------------------------
cluster(Zip_Code)Zip_Codecluster(Zip_Code)Zip_Codecluster(Zip_Code)Zip_Code

Bootstrap Corrected Estimates
------------------------------------------------------------------------------
             |      Coef.   Std. Err.      t    P>|t|     [90% Conf. Interval]
-------------+----------------------------------------------------------------
Minority_d~2 |  -.5357658   .1574334    -3.40   0.005    -.8145699   -.2569616
Minority_d~3 |  -.3581274   .1357242    -2.64   0.020    -.5984858   -.1177689
Minority_d~4 |   .1466449    .136871     1.07   0.303    -.0957445    .3890343
------------------------------------------------------------------------------

. 
. 
. 
. mat def b=e(b)

. mat def V=e(V)

. 
. mat def C=J(3,3,.)

. forvalues i= 1/3{
  2.         mat C[`i',1]=b[1,`i'] // coefs
  3.         mat C[`i',2]=V[`i',`i'] // var
  4.         mat C[`i',3]=e(df_`i') // dofs
  5.         }

. 
. 
. 
. loc quartiles 4

. matrix define M=J(`quartiles'-1,5,.)

. forvalues j = 2/`quartiles'{
  2.         loc i=  `j'-1
  3.                 
.         matrix M[`i',1] = C[`i',1] - invttail(C[`i',3],0.05)*sqrt(C[`i',2])
  4.         matrix M[`i',2] = C[`i',1] 
  5.         matrix M[`i',3] = C[`i',1] + invttail(C[`i',3],0.05)*sqrt(C[`i',2]
> )
  6. 
.         sum Minority if dec`j'==1
  7.         matrix M[`i',4]=`r(N)'
  8.         sum choice if White==1 &  dec`j'==1
  9.         matrix M[`i',5]=`r(mean)'
 10.         
.         mat list M
 11. 
. }

    Variable |        Obs        Mean    Std. Dev.       Min        Max
-------------+---------------------------------------------------------
    Minority |      1,794    .6661093    .4717327          0          1

    Variable |        Obs        Mean    Std. Dev.       Min        Max
-------------+---------------------------------------------------------
      choice |        599    .3906511    .4883041          0          1

M[3,5]
            c1          c2          c3          c4          c5
r1  -.81456992  -.53576577  -.25696163        1794   .39065109
r2           .           .           .           .           .
r3           .           .           .           .           .

    Variable |        Obs        Mean    Std. Dev.       Min        Max
-------------+---------------------------------------------------------
    Minority |      3,397    .6685311    .4708105          0          1

    Variable |        Obs        Mean    Std. Dev.       Min        Max
-------------+---------------------------------------------------------
      choice |      1,126    .4209591    .4939324          0          1

M[3,5]
            c1          c2          c3          c4          c5
r1  -.81456992  -.53576577  -.25696163        1794   .39065109
r2  -.59848582  -.35812737  -.11776892        3397   .42095915
r3           .           .           .           .           .

    Variable |        Obs        Mean    Std. Dev.       Min        Max
-------------+---------------------------------------------------------
    Minority |      1,590    .6666667    .4715528          0          1

    Variable |        Obs        Mean    Std. Dev.       Min        Max
-------------+---------------------------------------------------------
      choice |        530    .3509434    .4777161          0          1

M[3,5]
            c1          c2          c3          c4          c5
r1  -.81456992  -.53576577  -.25696163        1794   .39065109
r2  -.59848582  -.35812737  -.11776892        3397   .42095915
r3  -.09574446   .14664492    .3890343        1590    .3509434

. 
. 
. 
. *--------------------------------------------------------------------
. preserve

. clear

. svmat M
number of observations will be reset to 3
Press any key to continue, or Break to abort
number of observations (_N) was 0, now 3

. gen n=_n

. replace M1=exp(M1)
(3 real changes made)

. replace M2=exp(M2)
(3 real changes made)

. replace M3=exp(M3)
(3 real changes made)

. 
. 
. rename M1 lci

. rename M2 coef

. rename M3 uci

. rename M4 obs

. rename M5 c_mean

. rename n deciles

. 
. 
. 
. save "../stores/aux/interquartile_toxconc_minority_bootcl.dta", replace
file ../stores/aux/interquartile_toxconc_minority_bootcl.dta saved

. restore

. 
. 
. *****************************************************************************
> *******************
. * African American vs Hispanic/LatinX
. *****************************************************************************
> *******************
. disc_boot choice  Hispanic_dec2  Hispanic_dec3 Hispanic_dec4 ///
>                                         Black_dec2  Black_dec3 Black_dec4 ///
>                                          , varlist(i.gender i.education_level
>  i.order)
note: multiple positive outcomes within groups encountered.
note: 1,331 groups (4,026 obs) dropped because of all positive or
      all negative outcomes.

Iteration 0:   log pseudolikelihood = -918.59187  
Iteration 1:   log pseudolikelihood = -907.79723  
Iteration 2:   log pseudolikelihood = -907.73705  
Iteration 3:   log pseudolikelihood = -907.73704  

Conditional (fixed-effects) logistic regression

                                                Number of obs     =      2,755
                                                Wald chi2(11)     =     742.86
                                                Prob > chi2       =     0.0000
Log pseudolikelihood = -907.73704               Pseudo R2         =     0.1013

                              (Std. Err. adjusted for 14 clusters in Zip_Code)
------------------------------------------------------------------------------
             |               Robust
      choice |      Coef.   Std. Err.      z    P>|z|     [90% Conf. Interval]
-------------+----------------------------------------------------------------
Hispanic_d~2 |  -.2555039    .138964    -1.84   0.066    -.4840794   -.0269284
Hispanic_d~3 |  -.0865548   .0894409    -0.97   0.333    -.2336721    .0605624
Hispanic_d~4 |   .2885374    .154988     1.86   0.063     .0336048      .54347
  Black_dec2 |  -.8365772    .159354    -5.25   0.000    -1.098691   -.5744632
  Black_dec3 |  -.6300539     .20109    -3.13   0.002    -.9608175   -.2992903
  Black_dec4 |   .0021007   .1592942     0.01   0.989    -.2599149    .2641163
             |
      gender |
       male  |  -.3198317   .0917265    -3.49   0.000    -.4707083   -.1689551
             |
education_~l |
        low  |  -.2039072   .1302911    -1.57   0.118    -.4182169    .0104026
     medium  |  -.3230426   .1278832    -2.53   0.012    -.5333917   -.1126935
             |
       order |
          2  |  -.3284429    .252101    -1.30   0.193    -.7431121    .0862263
          3  |  -.9071631   .2108929    -4.30   0.000    -1.254051   -.5602752
------------------------------------------------------------------------------
cluster(Zip_Code)Zip_Codecluster(Zip_Code)Zip_Codecluster(Zip_Code)Zip_Codeclus
> ter(Zip_Code)Zip_Codecluster(Zip_Code)Zip_Codecluster(Zip_Code)Zip_Code

Bootstrap Corrected Estimates
------------------------------------------------------------------------------
             |      Coef.   Std. Err.      t    P>|t|     [90% Conf. Interval]
-------------+----------------------------------------------------------------
Hispanic_d~2 |  -.2555039   .1434482    -1.78   0.098    -.5095411   -.0014666
Hispanic_d~3 |  -.0865548    .090724    -0.95   0.357     -.247221    .0741114
Hispanic_d~4 |   .2885374   .1772014     1.63   0.127    -.0252745    .6023492
  Black_dec2 |  -.8365772   .1875451    -4.46   0.001    -1.168707   -.5044473
  Black_dec3 |  -.6300539   .1953981    -3.22   0.007     -.976091   -.2840168
  Black_dec4 |   .0021007    .159897     0.01   0.990    -.2810662    .2852676
------------------------------------------------------------------------------

. 
. 
. mat def b=e(b)

. mat def V=e(V)

. 
. *Matrices for boottest estimates
. *Hispanics
. mat def H_C=J(3,3,.)

. forvalues i= 1/3{
  2.         mat H_C[`i',1]=b[1,`i']
  3.         mat H_C[`i',2]=V[`i',`i']
  4.         mat H_C[`i',3]=e(df_`i')
  5.         }

. 
. *Af. Am.        
. mat def H_B=J(3,3,.)

. forvalues i= 4/6{
  2.         loc j=`i'-3
  3.         mat H_B[`j',1]=b[1,`i']
  4.         mat H_B[`j',2]=V[`i',`i']
  5.         mat H_B[`j',3]=e(df_`i')
  6.         }

.         
. *Matrices with results to export and plot
. matrix define H=J(`quartiles'-1,5,.)

. 
. forvalues j = 2/`quartiles'{
  2.         loc i=  `j'-1
  3.         
.         matrix H[`i',1] = H_C[`i',1] - invttail(H_C[`i',3],0.05)*sqrt(H_C[`i'
> ,2])
  4.         matrix H[`i',2] = H_C[`i',1] 
  5.         matrix H[`i',3] = H_C[`i',1] + invttail(H_C[`i',3],0.05)*sqrt(H_C[
> `i',2])
  6.         
.         sum Hispanic if dec`j'==1
  7.         matrix H[`i',4]=`r(N)'
  8.         sum choice if White==1 &  dec`j'==1
  9.         matrix H[`i',5]=`r(mean)'
 10.         
. }

    Variable |        Obs        Mean    Std. Dev.       Min        Max
-------------+---------------------------------------------------------
    Hispanic |      1,794    .3338907    .4717327          0          1

    Variable |        Obs        Mean    Std. Dev.       Min        Max
-------------+---------------------------------------------------------
      choice |        599    .3906511    .4883041          0          1

    Variable |        Obs        Mean    Std. Dev.       Min        Max
-------------+---------------------------------------------------------
    Hispanic |      3,397    .3323521    .4711258          0          1

    Variable |        Obs        Mean    Std. Dev.       Min        Max
-------------+---------------------------------------------------------
      choice |      1,126    .4209591    .4939324          0          1

    Variable |        Obs        Mean    Std. Dev.       Min        Max
-------------+---------------------------------------------------------
    Hispanic |      1,590    .3339623    .4717748          0          1

    Variable |        Obs        Mean    Std. Dev.       Min        Max
-------------+---------------------------------------------------------
      choice |        530    .3509434    .4777161          0          1

. 
. 
. 
. matrix define B=J(`quartiles'-1,5,.)

. 
. forvalues j = 2/`quartiles'{
  2.         loc i=  `j'-1
  3.         
.         matrix B[`i',1] = H_B[`i',1] - invttail(H_B[`i',3],0.05)*sqrt(H_B[`i'
> ,2])
  4.         matrix B[`i',2] = H_B[`i',1] 
  5.         matrix B[`i',3] = H_B[`i',1] + invttail(H_B[`i',3],0.05)*sqrt(H_B[
> `i',2])
  6.         
.         sum Black if dec`j'==1
  7.         matrix B[`i',4]=`r(N)'
  8.         sum choice if White==1 &  dec`j'==1
  9.         matrix B[`i',5]=`r(mean)'
 10.         
. }

    Variable |        Obs        Mean    Std. Dev.       Min        Max
-------------+---------------------------------------------------------
       Black |      1,794    .3322185    .4711402          0          1

    Variable |        Obs        Mean    Std. Dev.       Min        Max
-------------+---------------------------------------------------------
      choice |        599    .3906511    .4883041          0          1

    Variable |        Obs        Mean    Std. Dev.       Min        Max
-------------+---------------------------------------------------------
       Black |      3,397     .336179    .4724705          0          1

    Variable |        Obs        Mean    Std. Dev.       Min        Max
-------------+---------------------------------------------------------
      choice |      1,126    .4209591    .4939324          0          1

    Variable |        Obs        Mean    Std. Dev.       Min        Max
-------------+---------------------------------------------------------
       Black |      1,590    .3327044    .4713299          0          1

    Variable |        Obs        Mean    Std. Dev.       Min        Max
-------------+---------------------------------------------------------
      choice |        530    .3509434    .4777161          0          1

. 
. mat list B

B[3,5]
            c1          c2          c3          c4          c5
r1  -1.1687071  -.83657722  -.50444735        1794   .39065109
r2  -.97609097  -.63005387  -.28401676        3397   .42095915
r3  -.28106616    .0021007   .28526757        1590    .3509434

. 
. clogit choice  Hispanic_dec2 Hispanic_dec3 Hispanic_dec4 ///
>                                          Black_dec2 Black_dec3 Black_dec4 ///
>                                          i.gender i.education_level i.order ,
>  or group(Address)  cl(Zip_Code) level(90)
note: multiple positive outcomes within groups encountered.
note: 1,331 groups (4,026 obs) dropped because of all positive or
      all negative outcomes.

Iteration 0:   log pseudolikelihood = -918.59187  
Iteration 1:   log pseudolikelihood = -907.79723  
Iteration 2:   log pseudolikelihood = -907.73705  
Iteration 3:   log pseudolikelihood = -907.73704  

Conditional (fixed-effects) logistic regression

                                                Number of obs     =      2,755
                                                Wald chi2(11)     =     742.86
                                                Prob > chi2       =     0.0000
Log pseudolikelihood = -907.73704               Pseudo R2         =     0.1013

                              (Std. Err. adjusted for 14 clusters in Zip_Code)
------------------------------------------------------------------------------
             |               Robust
      choice | Odds Ratio   Std. Err.      z    P>|z|     [90% Conf. Interval]
-------------+----------------------------------------------------------------
Hispanic_d~2 |   .7745261   .1076313    -1.84   0.066     .6162643    .9734309
Hispanic_d~3 |   .9170853    .082025    -0.97   0.333     .7916214    1.062434
Hispanic_d~4 |   1.334474   .2068275     1.86   0.063     1.034176    1.721972
  Black_dec2 |   .4331907   .0690307    -5.25   0.000      .333307     .563007
  Black_dec3 |   .5325631   .1070931    -3.13   0.002       .38258    .7413442
  Black_dec4 |   1.002103   .1596291     0.01   0.989     .7711172     1.30228
             |
      gender |
       male  |   .7262713   .0666183    -3.49   0.000     .6245597    .8445469
             |
education_~l |
        low  |   .8155381   .1062573    -1.57   0.118     .6582194    1.010457
     medium  |    .723943   .0925801    -2.53   0.012      .586612    .8934245
             |
       order |
          2  |    .720044   .1815238    -1.30   0.193     .4756314    1.090053
          3  |   .4036678   .0851307    -4.30   0.000     .2853465    .5710519
------------------------------------------------------------------------------

. 
. di (`e(N)'+`e(N_drop)')/3
2260.3333

. *--------------------------------------------------------------------
. preserve

. clear

. svmat B
number of observations will be reset to 3
Press any key to continue, or Break to abort
number of observations (_N) was 0, now 3

. gen n=_n

. replace B1=exp(B1)
(3 real changes made)

. replace B2=exp(B2)
(3 real changes made)

. replace B3=exp(B3)
(3 real changes made)

. 
. 
. 
. rename B1 lci

. rename B2 or

. rename B3 uci

. rename B4 obs

. rename B5 c_mean

. rename n deciles

. 
. save "../stores/aux/interquartile_toxconc_AA_bootcl.dta", replace
file ../stores/aux/interquartile_toxconc_AA_bootcl.dta saved

. restore

. 
. 
. 
. 
. *--------------------------------------------------------------------
. preserve

. clear

. svmat H
number of observations will be reset to 3
Press any key to continue, or Break to abort
number of observations (_N) was 0, now 3

. gen n=_n

. replace H1=exp(H1)
(3 real changes made)

. replace H2=exp(H2)
(3 real changes made)

. replace H3=exp(H3)
(3 real changes made)

. 
. 
. 
. rename H1 lci

. rename H2 or

. rename H3 uci

. rename H4 obs

. rename H5 c_mean

. rename n deciles

. 
. 
. 
. save "../stores/aux/interquartile_toxconc_Hisp_bootcl.dta", replace
file ../stores/aux/interquartile_toxconc_Hisp_bootcl.dta saved

. restore

. 
. *****************************************************************************
> *******************
. * Male vs Female
. *****************************************************************************
> *******************
. 
. 
. 
. gen male=(gender==2)

. gen female=(gender==1)

. 
. 
. 
. forvalues i = 2/`quartiles'{
  2.         foreach genero in male female {
  3.                 gen Minority_dec`i'_`genero'=Minority*dec`i'*`genero'
  4.         }
  5. }

. 
. 
. loc quartiles 4

. 
. 
. disc_boot choice  Minority_dec2_female Minority_dec3_female Minority_dec4_fem
> ale ///
>                           Minority_dec2_male   Minority_dec3_male Minority_de
> c4_male ///
>                                          , varlist(i.gender i.education_level
>  i.order)
note: multiple positive outcomes within groups encountered.
note: 1,331 groups (4,026 obs) dropped because of all positive or
      all negative outcomes.

Iteration 0:   log pseudolikelihood = -932.75322  
Iteration 1:   log pseudolikelihood = -922.48033  
Iteration 2:   log pseudolikelihood = -922.45269  
Iteration 3:   log pseudolikelihood = -922.45269  

Conditional (fixed-effects) logistic regression

                                                Number of obs     =      2,755
                                                Wald chi2(11)     =     238.90
                                                Prob > chi2       =     0.0000
Log pseudolikelihood = -922.45269               Pseudo R2         =     0.0867

                              (Std. Err. adjusted for 14 clusters in Zip_Code)
------------------------------------------------------------------------------
             |               Robust
      choice |      Coef.   Std. Err.      z    P>|z|     [90% Conf. Interval]
-------------+----------------------------------------------------------------
Min~2_female |  -.3089253   .1232389    -2.51   0.012    -.5116353   -.1062152
Min~3_female |  -.1620934    .109545    -1.48   0.139    -.3422789    .0180921
Min~4_female |   .3022674     .10529     2.87   0.004     .1290808     .475454
Minor~2_male |  -.7371777   .2360741    -3.12   0.002    -1.125485   -.3488703
Minor~3_male |  -.5871513   .2059141    -2.85   0.004    -.9258497   -.2484528
Minor~4_male |  -.0139988   .2261198    -0.06   0.951    -.3859328    .3579353
             |
      gender |
       male  |  -.0581603   .1619051    -0.36   0.719    -.3244704    .2081499
             |
education_~l |
        low  |  -.1609698   .1224079    -1.32   0.189    -.3623128    .0403733
     medium  |  -.3060354    .139653    -2.19   0.028    -.5357441   -.0763266
             |
       order |
          2  |  -.3378343    .244511    -1.38   0.167     -.740019    .0643505
          3  |  -.9141876   .2046002    -4.47   0.000    -1.250725   -.5776502
------------------------------------------------------------------------------
cluster(Zip_Code)Zip_Codecluster(Zip_Code)Zip_Codecluster(Zip_Code)Zip_Codeclus
> ter(Zip_Code)Zip_Codecluster(Zip_Code)Zip_Codecluster(Zip_Code)Zip_Code

Bootstrap Corrected Estimates
------------------------------------------------------------------------------
             |      Coef.   Std. Err.      t    P>|t|     [90% Conf. Interval]
-------------+----------------------------------------------------------------
Min~2_female |  -.3089253   .1273716    -2.43   0.031    -.5344919   -.0833586
Min~3_female |  -.1620934   .1119688    -1.45   0.171    -.3603826    .0361958
Min~4_female |   .3022674   .1124308     2.69   0.019     .1031598    .5013749
Minor~2_male |  -.7371777   .2571735    -2.87   0.013    -1.192615   -.2817405
Minor~3_male |  -.5871513   .2041079    -2.88   0.013    -.9486128   -.2256898
Minor~4_male |  -.0139988   .2257993    -0.06   0.952    -.4138742    .3858767
------------------------------------------------------------------------------

. 
. 
. mat def b=e(b)

. mat def V=e(V)

. 
. 
. 
. *Matrices for boottest estimates
. *Females
. mat def M_F=J(3,3,.)

. forvalues i= 1/3{
  2.         mat M_F[`i',1]=b[1,`i']
  3.         mat M_F[`i',2]=V[`i',`i']
  4.         mat M_F[`i',3]=e(df_`i')
  5.         }

. 
. 
. *Males  
. mat def M_M=J(3,3,.)

. forvalues i= 4/6{
  2.         loc j=`i'-3
  3.         mat M_M[`j',1]=b[1,`i']
  4.         mat M_M[`j',2]=V[`i',`i']
  5.         mat M_M[`j',3]=e(df_`i')
  6.         }

. 
. 
. *Matrices with results to export and plot
. 
. matrix define B=J(`quartiles'-1,5,.)

. 
. forvalues j = 2/`quartiles'{
  2.         loc i=  `j'-1
  3.         matrix B[`i',1] = M_F[`i',1] - invttail(M_F[`i',3],0.05)*sqrt(M_F[
> `i',2])
  4.         matrix B[`i',2] = M_F[`i',1] 
  5.         matrix B[`i',3] = M_F[`i',1] + invttail(M_F[`i',3],0.05)*sqrt(M_F[
> `i',2])
  6. 
.         sum Minority if dec`j'==1
  7.         matrix B[`i',4]=`r(N)'
  8.         sum choice if White==1 &  dec`j'==1
  9.         matrix B[`i',5]=`r(mean)'
 10.         
.         
. }

    Variable |        Obs        Mean    Std. Dev.       Min        Max
-------------+---------------------------------------------------------
    Minority |      1,794    .6661093    .4717327          0          1

    Variable |        Obs        Mean    Std. Dev.       Min        Max
-------------+---------------------------------------------------------
      choice |        599    .3906511    .4883041          0          1

    Variable |        Obs        Mean    Std. Dev.       Min        Max
-------------+---------------------------------------------------------
    Minority |      3,397    .6685311    .4708105          0          1

    Variable |        Obs        Mean    Std. Dev.       Min        Max
-------------+---------------------------------------------------------
      choice |      1,126    .4209591    .4939324          0          1

    Variable |        Obs        Mean    Std. Dev.       Min        Max
-------------+---------------------------------------------------------
    Minority |      1,590    .6666667    .4715528          0          1

    Variable |        Obs        Mean    Std. Dev.       Min        Max
-------------+---------------------------------------------------------
      choice |        530    .3509434    .4777161          0          1

. mat list B

B[3,5]
            c1          c2          c3          c4          c5
r1  -.53449189  -.30892527  -.08335865        1794   .39065109
r2  -.36038265   -.1620934   .03619585        3397   .42095915
r3   .10315985   .30226737    .5013749        1590    .3509434

. 
. *--------------------------------------------------------------------
. preserve

. clear

. svmat B
number of observations will be reset to 3
Press any key to continue, or Break to abort
number of observations (_N) was 0, now 3

. gen n=_n

. replace B1=exp(B1)
(3 real changes made)

. replace B2=exp(B2)
(3 real changes made)

. replace B3=exp(B3)
(3 real changes made)

. 
. 
. rename B1 lci

. rename B2 or

. rename B3 uci

. 
. 
. rename n deciles

. 
. 
. save "../stores/aux/interquartile_toxconc_minority_female_bootcl.dta", replac
> e
file ../stores/aux/interquartile_toxconc_minority_female_bootcl.dta saved

. restore

. *--------------------------------------------------------------------
. 
. 
. 
. 
. matrix define B=J(`quartiles'-1,5,.)

. 
. forvalues j = 2/`quartiles'{
  2.         loc i=  `j'-1
  3.         matrix B[`i',1] = M_M[`i',1] - invttail(M_M[`i',3],0.05)*sqrt(M_M[
> `i',2])
  4.         matrix B[`i',2] = M_M[`i',1] 
  5.         matrix B[`i',3] = M_M[`i',1] + invttail(M_M[`i',3],0.05)*sqrt(M_M[
> `i',2])
  6. 
.         
.         *sum Minority_dec`j'_male
.         *matrix B[`i',4]=`r(sum)'
.         sum Minority if dec`j'==1
  7.         matrix B[`i',4]=`r(N)'
  8.         
.         sum choice if White==1 &  dec`j'==1
  9.         matrix B[`i',5]=`r(mean)'
 10.         mat list B
 11.         
. }

    Variable |        Obs        Mean    Std. Dev.       Min        Max
-------------+---------------------------------------------------------
    Minority |      1,794    .6661093    .4717327          0          1

    Variable |        Obs        Mean    Std. Dev.       Min        Max
-------------+---------------------------------------------------------
      choice |        599    .3906511    .4883041          0          1

B[3,5]
            c1          c2          c3          c4          c5
r1  -1.1926149  -.73717767  -.28174046        1794   .39065109
r2           .           .           .           .           .
r3           .           .           .           .           .

    Variable |        Obs        Mean    Std. Dev.       Min        Max
-------------+---------------------------------------------------------
    Minority |      3,397    .6685311    .4708105          0          1

    Variable |        Obs        Mean    Std. Dev.       Min        Max
-------------+---------------------------------------------------------
      choice |      1,126    .4209591    .4939324          0          1

B[3,5]
            c1          c2          c3          c4          c5
r1  -1.1926149  -.73717767  -.28174046        1794   .39065109
r2  -.94861275  -.58715126  -.22568977        3397   .42095915
r3           .           .           .           .           .

    Variable |        Obs        Mean    Std. Dev.       Min        Max
-------------+---------------------------------------------------------
    Minority |      1,590    .6666667    .4715528          0          1

    Variable |        Obs        Mean    Std. Dev.       Min        Max
-------------+---------------------------------------------------------
      choice |        530    .3509434    .4777161          0          1

B[3,5]
            c1          c2          c3          c4          c5
r1  -1.1926149  -.73717767  -.28174046        1794   .39065109
r2  -.94861275  -.58715126  -.22568977        3397   .42095915
r3   -.4138742  -.01399876   .38587668        1590    .3509434

. 
. 
. *--------------------------------------------------------------------
. preserve

. clear

. svmat B
number of observations will be reset to 3
Press any key to continue, or Break to abort
number of observations (_N) was 0, now 3

. gen n=_n

. replace B1=exp(B1)
(3 real changes made)

. replace B2=exp(B2)
(3 real changes made)

. replace B3=exp(B3)
(3 real changes made)

. 
. 
. rename B1 lci

. rename B2 or

. rename B3 uci

. 
. rename n deciles

. 
. 
. save "../stores/aux/interquartile_toxconc_minority_male_bootcl.dta", replace
file ../stores/aux/interquartile_toxconc_minority_male_bootcl.dta saved

. restore

. *--------------------------------------------------------------------
. 
. *end
. 
end of do-file
