------------------------------------------------------------------------------------------------------------------------------------
      name:  <unnamed>
       log:  /Users/iggy/Dropbox/Research/Toxic_Discrimination/github/Toxic_Discrimination/scripts/codebook_ACS.log
  log type:  text
 opened on:  16 Aug 2020, 01:05:31

. codebook

------------------------------------------------------------------------------------------------------------------------------------
race                                                                                                                            Race
------------------------------------------------------------------------------------------------------------------------------------

                  type:  string (str8)

         unique values:  3                        missing "":  0/13,881

            tabulation:  Freq.  Value
                         4,627  "Black"
                         4,627  "Hispanic"
                         4,627  "White"

------------------------------------------------------------------------------------------------------------------------------------
population_renters                                                                              Population of Renters in Block Group
------------------------------------------------------------------------------------------------------------------------------------

                  type:  numeric (double)

                 range:  [0,1447]                     units:  1
         unique values:  462                      missing .:  0/13,881

                  mean:   93.2299
              std. dev:     150.9

           percentiles:        10%       25%       50%       75%       90%
                                 0         0        37       130       251

------------------------------------------------------------------------------------------------------------------------------------
quartileZIP_property                                                                         Quartile Within Zip Toxic Concentration
------------------------------------------------------------------------------------------------------------------------------------

                  type:  numeric (float)

                 range:  [1,4]                        units:  1
         unique values:  4                        missing .:  0/13,881

            tabulation:  Freq.  Value
                         3,663  1
                         3,435  2
                         3,465  3
                         3,318  4

------------------------------------------------------------------------------------------------------------------------------------
Zip_Code                                                                                                                    ZIP Code
------------------------------------------------------------------------------------------------------------------------------------

                  type:  numeric (float)

                 range:  [1,19]                       units:  1
         unique values:  19                       missing .:  0/13,881

                  mean:   10.0754
              std. dev:   4.60053

           percentiles:        10%       25%       50%       75%       90%
                                 5         7         9        15        16

. 
. log close
      name:  <unnamed>
       log:  /Users/iggy/Dropbox/Research/Toxic_Discrimination/github/Toxic_Discrimination/scripts/codebook_ACS.log
  log type:  text
 closed on:  16 Aug 2020, 01:05:31
------------------------------------------------------------------------------------------------------------------------------------
